<?xml version="1.0" encoding="UTF-8"?>
<!-- Generated by org.testng.reporters.JUnitXMLReporter -->
<testsuite ignored="0" hostname="LAPTOP-4NMHDRLO" failures="1" tests="1" name="FirefoxTest" time="0.008" errors="0" timestamp="2022-10-09T15:40:29 IST">
  <testcase classname="CrossBrowserTesting.Test1" name="Setup" time="0.002">
    <failure type="java.lang.NullPointerException" message="Cannot invoke &amp;quot;org.openqa.selenium.WebDriver.manage()&amp;quot; because &amp;quot;this.driver&amp;quot; is null">
      <![CDATA[java.lang.NullPointerException: Cannot invoke "org.openqa.selenium.WebDriver.manage()" because "this.driver" is null
at CrossBrowserTesting.Test1.Setup(Test1.java:33)
at java.base/java.util.ArrayList.forEach(ArrayList.java:1511)
... Removed 25 stack frames]]>
    </failure>
  </testcase> <!-- Setup -->
</testsuite> <!-- FirefoxTest -->
