<?xml version="1.0" encoding="UTF-8"?>
<!-- Generated by org.testng.reporters.JUnitXMLReporter -->
<testsuite ignored="0" hostname="LAPTOP-4NMHDRLO" failures="0" tests="3" name="Test" time="34.111" errors="0" timestamp="2022-10-09T11:49:39 IST">
  <testcase classname="parallelTesting.Parallel_Testing2" name="Setup" time="11.532"/>
  <testcase classname="parallelTesting.Parallel_Testing2" name="Setup1" time="13.406"/>
  <testcase classname="parallelTesting.Parallel_Testing2" name="Setup2" time="9.121"/>
</testsuite> <!-- Test -->
