<?xml version="1.0" encoding="UTF-8"?>
<!-- Generated by org.testng.reporters.JUnitXMLReporter -->
<testsuite ignored="0" hostname="LAPTOP-4NMHDRLO" failures="0" tests="3" name="Test1" time="34.081" errors="0" timestamp="2022-10-09T11:49:39 IST">
  <testcase classname="parallelTesting.Parallel_Testing" name="Setup" time="11.503"/>
  <testcase classname="parallelTesting.Parallel_Testing" name="Setup1" time="11.03"/>
  <testcase classname="parallelTesting.Parallel_Testing" name="Setup2" time="11.491"/>
</testsuite> <!-- Test1 -->
