<?xml version="1.0" encoding="UTF-8"?>
<!-- Generated by org.testng.reporters.JUnitXMLReporter -->
<testsuite ignored="2" hostname="LAPTOP-4NMHDRLO" failures="0" tests="1" name="Test" time="9.167" errors="0" timestamp="2022-10-08T18:38:06 IST">
  <testcase classname="parallelTesting.Parallel_Testing" name="Setup" time="9.114"/>
  <testcase classname="parallelTesting.Parallel_Testing" name="Setup1" time="0.0">
    <ignored/>
  </testcase> <!-- Setup1 -->
  <testcase classname="parallelTesting.Parallel_Testing" name="Setup2" time="0.0">
    <ignored/>
  </testcase> <!-- Setup2 -->
</testsuite> <!-- Test -->
