<?xml version="1.0" encoding="UTF-8"?>
<!-- Generated by org.testng.reporters.JUnitXMLReporter -->
<testsuite ignored="0" hostname="LAPTOP-4NMHDRLO" failures="0" tests="3" name="parallel" time="25.781" errors="0" timestamp="2022-10-08T17:53:27 IST">
  <testcase classname="parallelTesting.Parallel_Testing" name="Setup" time="9.187"/>
  <testcase classname="parallelTesting.Parallel_Testing" name="Setup1" time="8.122"/>
  <testcase classname="parallelTesting.Parallel_Testing" name="Setup2" time="8.405"/>
</testsuite> <!-- parallel -->
